app/build/outputs/logs/manifest-merger-release-report.txt
-- Merging decision tree log ---
provider#android.support.v4.content.FileProvider
INJECTED from src/main/AndroidManifest.xml:28:9-36:20
	android:grantUriPermissions
		ADDED from src/main/AndroidManifest.xml:32:13-47
	android:authorities
		INJECTED from src/main/AndroidManifest.xml
		ADDED from src/main/AndroidManifest.xml:30:13-76
	android:exported
		ADDED from src/main/AndroidManifest.xml:31:13-37
	android:name
		ADDED from src/main/AndroidManifest.xml:29:13-67
manifest
ADDED from src/main/AndroidManifest.xml:2:1-130:12
INJECTED from src/main/AndroidManifest.xml:2:1-130:12
INJECTED from src/main/AndroidManifest.xml:2:1-130:12
INJECTED from src/main/AndroidManifest.xml:2:1-130:12
MERGED from [com.dinuscxj:circleprogressbar:1.3.0] AndroidManifest.xml:2:1-16:12
MERGED from [q.rorbin:badgeview:1.1.0] AndroidManifest.xml:2:1-13:12
MERGED from [com.allenliu.badgeview:library:1.1.1] AndroidManifest.xml:2:1-16:12
MERGED from [com.github.yalantis:ucrop:2.2.2] AndroidManifest.xml:2:1-11:12
MERGED from [com.github.florent37:camerafragment:1.0.9] AndroidManifest.xml:2:1-13:12
MERGED from [com.github.bumptech.glide:glide:4.9.0] AndroidManifest.xml:2:1-12:12
MERGED from [com.squareup.picasso:picasso:2.71828] AndroidManifest.xml:2:1-14:12
MERGED from [com.google.firebase:firebase-messaging:17.3.4] AndroidManifest.xml:17:1-37:12
MERGED from [com.firebaseui:firebase-ui-database:4.3.1] AndroidManifest.xml:2:1-13:12
MERGED from [com.android.support.constraint:constraint-layout:1.0.2] AndroidManifest.xml:2:1-11:12
MERGED from [com.android.support:exifinterface:28.0.0] AndroidManifest.xml:17:1-22:12
MERGED from [com.github.ittianyu:BottomNavigationViewEx:1.1.9] AndroidManifest.xml:2:1-14:12
MERGED from [com.android.support:design:28.0.0] AndroidManifest.xml:17:1-24:12
MERGED from [com.google.android.exoplayer:exoplayer:2.6.0] AndroidManifest.xml:17:1-25:12
MERGED from [com.baoyz.pullrefreshlayout:library:1.2.0] AndroidManifest.xml:2:1-14:12
MERGED from [com.android.support:cardview-v7:28.0.0] AndroidManifest.xml:17:1-22:12
MERGED from [com.afollestad.material-dialogs:core:0.9.6.0] AndroidManifest.xml:2:1-15:12
MERGED from [com.android.support:recyclerview-v7:28.0.0] AndroidManifest.xml:17:1-22:12
MERGED from [de.hdodenhof:circleimageview:2.1.0] AndroidManifest.xml:2:1-11:12
MERGED from [com.github.eschao:android-ElasticListView:v1.0] AndroidManifest.xml:2:1-17:12
MERGED from [com.google.firebase:firebase-core:16.0.6] AndroidManifest.xml:2:1-9:12
MERGED from [com.daimajia.slider:library:1.1.5] AndroidManifest.xml:2:1-14:12
MERGED from [com.google.firebase:firebase-auth:16.1.0] AndroidManifest.xml:17:1-42:12
MERGED from [com.google.firebase:firebase-database:16.0.6] AndroidManifest.xml:15:1-27:12
MERGED from [com.google.firebase:firebase-storage:16.0.5] AndroidManifest.xml:15:1-26:12
MERGED from [com.android.support:multidex:1.0.2] AndroidManifest.xml:17:1-22:12
MERGED from [me.zhanghai.android.materialprogressbar:library:1.4.2] AndroidManifest.xml:6:1-16:12
MERGED from [com.android.support:appcompat-v7:28.0.0] AndroidManifest.xml:17:1-22:12
MERGED from [com.google.firebase:firebase-measurement-connector-impl:17.0.4] AndroidManifest.xml:17:1-34:12
MERGED from [com.google.firebase:firebase-analytics:16.0.6] AndroidManifest.xml:17:1-55:12
MERGED from [com.google.android.gms:play-services-measurement-api:16.0.4] AndroidManifest.xml:17:1-25:12
MERGED from [com.google.firebase:firebase-analytics-impl:16.2.4] AndroidManifest.xml:17:1-40:12
MERGED from [com.google.firebase:firebase-iid:17.0.4] AndroidManifest.xml:17:1-59:12
MERGED from [com.google.android.gms:play-services-flags:16.0.1] AndroidManifest.xml:17:1-22:12
MERGED from [com.google.firebase:firebase-auth-interop:16.0.1] AndroidManifest.xml:2:1-10:12
MERGED from [com.google.firebase:firebase-iid-interop:16.0.1] AndroidManifest.xml:2:1-10:12
MERGED from [com.google.android.gms:play-services-base:16.0.1] AndroidManifest.xml:17:1-29:12
MERGED from [com.google.firebase:firebase-common:16.0.4] AndroidManifest.xml:2:1-17:12
MERGED from [com.google.android.gms:play-services-tasks:16.0.1] AndroidManifest.xml:2:1-9:12
MERGED from [com.google.firebase:firebase-measurement-connector:17.0.1] AndroidManifest.xml:17:1-25:12
MERGED from [com.google.android.gms:play-services-stats:16.0.1] AndroidManifest.xml:2:1-9:12
MERGED from [com.google.android.gms:play-services-measurement-base:16.0.5] AndroidManifest.xml:2:1-9:12
MERGED from [com.google.android.gms:play-services-ads-identifier:16.0.0] AndroidManifest.xml:17:1-24:12
MERGED from [com.google.android.gms:play-services-basement:16.1.0] AndroidManifest.xml:17:1-28:12
MERGED from [com.android.support:support-v4:28.0.0] AndroidManifest.xml:17:1-22:12
MERGED from [com.github.bumptech.glide:gifdecoder:4.9.0] AndroidManifest.xml:2:1-11:12
MERGED from [com.android.support:support-fragment:28.0.0] AndroidManifest.xml:17:1-22:12
MERGED from [com.android.support:animated-vector-drawable:28.0.0] AndroidManifest.xml:17:1-22:12
MERGED from [com.firebaseui:firebase-ui-common:4.3.1] AndroidManifest.xml:2:1-11:12
MERGED from [com.android.support:support-core-ui:28.0.0] AndroidManifest.xml:17:1-22:12
MERGED from [com.android.support:support-core-utils:28.0.0] AndroidManifest.xml:17:1-22:12
MERGED from [com.android.support:transition:28.0.0] AndroidManifest.xml:17:1-22:12
MERGED from [com.android.support:support-media-compat:28.0.0] AndroidManifest.xml:17:1-22:12
MERGED from [com.android.support:loader:28.0.0] AndroidManifest.xml:17:1-22:12
MERGED from [com.android.support:support-vector-drawable:28.0.0] AndroidManifest.xml:17:1-22:12
MERGED from [com.android.support:viewpager:28.0.0] AndroidManifest.xml:17:1-22:12
MERGED from [com.android.support:coordinatorlayout:28.0.0] AndroidManifest.xml:17:1-22:12
MERGED from [com.android.support:drawerlayout:28.0.0] AndroidManifest.xml:17:1-22:12
MERGED from [com.android.support:slidingpanelayout:28.0.0] AndroidManifest.xml:17:1-22:12
MERGED from [com.android.support:customview:28.0.0] AndroidManifest.xml:17:1-22:12
MERGED from [com.android.support:swiperefreshlayout:28.0.0] AndroidManifest.xml:17:1-22:12
MERGED from [com.android.support:asynclayoutinflater:28.0.0] AndroidManifest.xml:17:1-22:12
MERGED from [com.android.support:support-compat:28.0.0] AndroidManifest.xml:17:1-24:12
MERGED from [com.google.android.exoplayer:exoplayer-dash:2.6.0] AndroidManifest.xml:17:1-25:12
MERGED from [com.google.android.exoplayer:exoplayer-hls:2.6.0] AndroidManifest.xml:17:1-25:12
MERGED from [com.google.android.exoplayer:exoplayer-smoothstreaming:2.6.0] AndroidManifest.xml:17:1-25:12
MERGED from [com.google.android.exoplayer:exoplayer-ui:2.6.0] AndroidManifest.xml:17:1-25:12
MERGED from [com.google.android.exoplayer:exoplayer-core:2.6.0] AndroidManifest.xml:17:1-25:12
MERGED from [android.arch.lifecycle:runtime:1.1.1] AndroidManifest.xml:17:1-22:12
MERGED from [android.arch.lifecycle:viewmodel:1.1.1] AndroidManifest.xml:17:1-22:12
MERGED from [com.android.support:versionedparcelable:28.0.0] AndroidManifest.xml:17:1-25:12
MERGED from [com.android.support:cursoradapter:28.0.0] AndroidManifest.xml:17:1-22:12
MERGED from [com.android.support:interpolator:28.0.0] AndroidManifest.xml:17:1-22:12
MERGED from [com.android.support:documentfile:28.0.0] AndroidManifest.xml:17:1-22:12
MERGED from [com.android.support:localbroadcastmanager:28.0.0] AndroidManifest.xml:17:1-22:12
MERGED from [com.android.support:print:28.0.0] AndroidManifest.xml:17:1-22:12
MERGED from [android.arch.lifecycle:livedata:1.1.1] AndroidManifest.xml:17:1-22:12
MERGED from [android.arch.lifecycle:livedata-core:1.1.1] AndroidManifest.xml:17:1-22:12
MERGED from [android.arch.core:runtime:1.1.1] AndroidManifest.xml:17:1-22:12
MERGED from [com.google.firebase:firebase-database-collection:16.0.1] AndroidManifest.xml:2:1-7:12
INJECTED from src/main/AndroidManifest.xml:2:1-130:12
INJECTED from src/main/AndroidManifest.xml:2:1-130:12
INJECTED from src/main/AndroidManifest.xml:2:1-130:12
	package
		ADDED from src/main/AndroidManifest.xml:4:5-30
		INJECTED from src/main/AndroidManifest.xml
		INJECTED from src/main/AndroidManifest.xml
	android:versionName
		INJECTED from src/main/AndroidManifest.xml
		ADDED from src/main/AndroidManifest.xml:2:1-130:12
		INJECTED from src/main/AndroidManifest.xml
	xmlns:tools
		ADDED from src/main/AndroidManifest.xml:3:5-51
	android:versionCode
		INJECTED from src/main/AndroidManifest.xml
		ADDED from src/main/AndroidManifest.xml:2:1-130:12
		INJECTED from src/main/AndroidManifest.xml
	xmlns:android
		ADDED from src/main/AndroidManifest.xml:2:11-69
uses-permission#android.permission.INTERNET
ADDED from src/main/AndroidManifest.xml:6:5-66
MERGED from [com.firebaseui:firebase-ui-database:4.3.1] AndroidManifest.xml:11:5-67
MERGED from [com.firebaseui:firebase-ui-database:4.3.1] AndroidManifest.xml:11:5-67
MERGED from [com.daimajia.slider:library:1.1.5] AndroidManifest.xml:11:5-67
MERGED from [com.daimajia.slider:library:1.1.5] AndroidManifest.xml:11:5-67
MERGED from [com.google.firebase:firebase-database:16.0.6] AndroidManifest.xml:25:5-67
MERGED from [com.google.firebase:firebase-database:16.0.6] AndroidManifest.xml:25:5-67
MERGED from [com.google.firebase:firebase-storage:16.0.5] AndroidManifest.xml:24:5-67
MERGED from [com.google.firebase:firebase-storage:16.0.5] AndroidManifest.xml:24:5-67
MERGED from [com.google.firebase:firebase-measurement-connector-impl:17.0.4] AndroidManifest.xml:22:5-67
MERGED from [com.google.firebase:firebase-measurement-connector-impl:17.0.4] AndroidManifest.xml:22:5-67
MERGED from [com.google.firebase:firebase-analytics:16.0.6] AndroidManifest.xml:23:5-67
MERGED from [com.google.firebase:firebase-analytics:16.0.6] AndroidManifest.xml:23:5-67
MERGED from [com.google.firebase:firebase-analytics-impl:16.2.4] AndroidManifest.xml:23:5-67
MERGED from [com.google.firebase:firebase-analytics-impl:16.2.4] AndroidManifest.xml:23:5-67
MERGED from [com.google.firebase:firebase-iid:17.0.4] AndroidManifest.xml:23:5-67
MERGED from [com.google.firebase:firebase-iid:17.0.4] AndroidManifest.xml:23:5-67
	android:name
		ADDED from src/main/AndroidManifest.xml:6:22-64
uses-permission#android.permission.CAMERA
ADDED from src/main/AndroidManifest.xml:7:5-64
MERGED from [com.github.florent37:camerafragment:1.0.9] AndroidManifest.xml:11:5-65
MERGED from [com.github.florent37:camerafragment:1.0.9] AndroidManifest.xml:11:5-65
	android:name
		ADDED from src/main/AndroidManifest.xml:7:22-62
uses-feature#android.hardware.camera
ADDED from src/main/AndroidManifest.xml:8:5-60
	android:name
		ADDED from src/main/AndroidManifest.xml:8:19-57
uses-feature#android.hardware.camera.autofocus
ADDED from src/main/AndroidManifest.xml:9:5-70
	android:name
		ADDED from src/main/AndroidManifest.xml:9:19-67
uses-permission#android.permission.FLASHLIGHT
ADDED from src/main/AndroidManifest.xml:10:5-68
	android:name
		ADDED from src/main/AndroidManifest.xml:10:22-66
uses-permission#android.permission.WAKE_LOCK
ADDED from src/main/AndroidManifest.xml:11:5-67
MERGED from [com.google.firebase:firebase-measurement-connector-impl:17.0.4] AndroidManifest.xml:24:5-68
MERGED from [com.google.firebase:firebase-measurement-connector-impl:17.0.4] AndroidManifest.xml:24:5-68
MERGED from [com.google.firebase:firebase-analytics:16.0.6] AndroidManifest.xml:25:5-68
MERGED from [com.google.firebase:firebase-analytics:16.0.6] AndroidManifest.xml:25:5-68
MERGED from [com.google.firebase:firebase-analytics-impl:16.2.4] AndroidManifest.xml:25:5-68
MERGED from [com.google.firebase:firebase-analytics-impl:16.2.4] AndroidManifest.xml:25:5-68
MERGED from [com.google.firebase:firebase-iid:17.0.4] AndroidManifest.xml:24:5-68
MERGED from [com.google.firebase:firebase-iid:17.0.4] AndroidManifest.xml:24:5-68
	android:name
		ADDED from src/main/AndroidManifest.xml:11:22-65
uses-permission#android.permission.READ_EXTERNAL_STORAGE
ADDED from src/main/AndroidManifest.xml:12:5-79
	android:name
		ADDED from src/main/AndroidManifest.xml:12:22-77
uses-permission#android.permission.WRITE_EXTERNAL_STORAGE
ADDED from src/main/AndroidManifest.xml:13:5-80
MERGED from [com.daimajia.slider:library:1.1.5] AndroidManifest.xml:12:5-81
MERGED from [com.daimajia.slider:library:1.1.5] AndroidManifest.xml:12:5-81
	android:name
		ADDED from src/main/AndroidManifest.xml:13:22-78
uses-permission#android.permission.SYSTEM_ALERT_WINDOW
ADDED from src/main/AndroidManifest.xml:14:5-78
	android:name
		ADDED from src/main/AndroidManifest.xml:14:22-75
uses-permission#android.permission.RECORD_AUDIO
ADDED from src/main/AndroidManifest.xml:15:5-71
	android:name
		ADDED from src/main/AndroidManifest.xml:15:22-68
application
ADDED from src/main/AndroidManifest.xml:18:5-128:19
MERGED from [com.dinuscxj:circleprogressbar:1.3.0] AndroidManifest.xml:11:5-14:19
MERGED from [com.dinuscxj:circleprogressbar:1.3.0] AndroidManifest.xml:11:5-14:19
MERGED from [q.rorbin:badgeview:1.1.0] AndroidManifest.xml:11:5-20
MERGED from [q.rorbin:badgeview:1.1.0] AndroidManifest.xml:11:5-20
MERGED from [com.allenliu.badgeview:library:1.1.1] AndroidManifest.xml:11:5-14:19
MERGED from [com.allenliu.badgeview:library:1.1.1] AndroidManifest.xml:11:5-14:19
MERGED from [com.github.bumptech.glide:glide:4.9.0] AndroidManifest.xml:10:5-20
MERGED from [com.github.bumptech.glide:glide:4.9.0] AndroidManifest.xml:10:5-20
MERGED from [com.squareup.picasso:picasso:2.71828] AndroidManifest.xml:7:5-12:19
MERGED from [com.squareup.picasso:picasso:2.71828] AndroidManifest.xml:7:5-12:19
MERGED from [com.google.firebase:firebase-messaging:17.3.4] AndroidManifest.xml:22:5-35:19
MERGED from [com.google.firebase:firebase-messaging:17.3.4] AndroidManifest.xml:22:5-35:19
MERGED from [com.android.support.constraint:constraint-layout:1.0.2] AndroidManifest.xml:9:5-20
MERGED from [com.android.support.constraint:constraint-layout:1.0.2] AndroidManifest.xml:9:5-20
MERGED from [com.github.ittianyu:BottomNavigationViewEx:1.1.9] AndroidManifest.xml:11:5-12:19
MERGED from [com.github.ittianyu:BottomNavigationViewEx:1.1.9] AndroidManifest.xml:11:5-12:19
MERGED from [com.android.support:design:28.0.0] AndroidManifest.xml:22:5-20
MERGED from [com.android.support:design:28.0.0] AndroidManifest.xml:22:5-20
MERGED from [com.baoyz.pullrefreshlayout:library:1.2.0] AndroidManifest.xml:11:5-12:19
MERGED from [com.baoyz.pullrefreshlayout:library:1.2.0] AndroidManifest.xml:11:5-12:19
MERGED from [com.afollestad.material-dialogs:core:0.9.6.0] AndroidManifest.xml:13:5-20
MERGED from [com.afollestad.material-dialogs:core:0.9.6.0] AndroidManifest.xml:13:5-20
MERGED from [de.hdodenhof:circleimageview:2.1.0] AndroidManifest.xml:9:5-20
MERGED from [de.hdodenhof:circleimageview:2.1.0] AndroidManifest.xml:9:5-20
MERGED from [com.github.eschao:android-ElasticListView:v1.0] AndroidManifest.xml:11:5-15:19
MERGED from [com.github.eschao:android-ElasticListView:v1.0] AndroidManifest.xml:11:5-15:19
MERGED from [com.google.firebase:firebase-core:16.0.6] AndroidManifest.xml:7:5-20
MERGED from [com.google.firebase:firebase-core:16.0.6] AndroidManifest.xml:7:5-20
MERGED from [com.google.firebase:firebase-auth:16.1.0] AndroidManifest.xml:23:5-40:19
MERGED from [com.google.firebase:firebase-auth:16.1.0] AndroidManifest.xml:23:5-40:19
MERGED from [com.google.firebase:firebase-measurement-connector-impl:17.0.4] AndroidManifest.xml:26:5-32:19
MERGED from [com.google.firebase:firebase-measurement-connector-impl:17.0.4] AndroidManifest.xml:26:5-32:19
MERGED from [com.google.firebase:firebase-analytics:16.0.6] AndroidManifest.xml:28:5-53:19
MERGED from [com.google.firebase:firebase-analytics:16.0.6] AndroidManifest.xml:28:5-53:19
MERGED from [com.google.android.gms:play-services-measurement-api:16.0.4] AndroidManifest.xml:22:5-23:19
MERGED from [com.google.android.gms:play-services-measurement-api:16.0.4] AndroidManifest.xml:22:5-23:19
MERGED from [com.google.firebase:firebase-analytics-impl:16.2.4] AndroidManifest.xml:28:5-38:19
MERGED from [com.google.firebase:firebase-analytics-impl:16.2.4] AndroidManifest.xml:28:5-38:19
MERGED from [com.google.firebase:firebase-iid:17.0.4] AndroidManifest.xml:28:5-57:19
MERGED from [com.google.firebase:firebase-iid:17.0.4] AndroidManifest.xml:28:5-57:19
MERGED from [com.google.firebase:firebase-auth-interop:16.0.1] AndroidManifest.xml:7:5-8:19
MERGED from [com.google.firebase:firebase-auth-interop:16.0.1] AndroidManifest.xml:7:5-8:19
MERGED from [com.google.firebase:firebase-iid-interop:16.0.1] AndroidManifest.xml:7:5-8:19
MERGED from [com.google.firebase:firebase-iid-interop:16.0.1] AndroidManifest.xml:7:5-8:19
MERGED from [com.google.android.gms:play-services-base:16.0.1] AndroidManifest.xml:22:5-27:19
MERGED from [com.google.android.gms:play-services-base:16.0.1] AndroidManifest.xml:22:5-27:19
MERGED from [com.google.firebase:firebase-common:16.0.4] AndroidManifest.xml:9:5-15:19
MERGED from [com.google.firebase:firebase-common:16.0.4] AndroidManifest.xml:9:5-15:19
MERGED from [com.google.android.gms:play-services-tasks:16.0.1] AndroidManifest.xml:7:5-20
MERGED from [com.google.android.gms:play-services-tasks:16.0.1] AndroidManifest.xml:7:5-20
MERGED from [com.google.firebase:firebase-measurement-connector:17.0.1] AndroidManifest.xml:22:5-23:19
MERGED from [com.google.firebase:firebase-measurement-connector:17.0.1] AndroidManifest.xml:22:5-23:19
MERGED from [com.google.android.gms:play-services-stats:16.0.1] AndroidManifest.xml:7:5-20
MERGED from [com.google.android.gms:play-services-stats:16.0.1] AndroidManifest.xml:7:5-20
MERGED from [com.google.android.gms:play-services-measurement-base:16.0.5] AndroidManifest.xml:7:5-20
MERGED from [com.google.android.gms:play-services-measurement-base:16.0.5] AndroidManifest.xml:7:5-20
MERGED from [com.google.android.gms:play-services-ads-identifier:16.0.0] AndroidManifest.xml:22:5-20
MERGED from [com.google.android.gms:play-services-ads-identifier:16.0.0] AndroidManifest.xml:22:5-20
MERGED from [com.google.android.gms:play-services-basement:16.1.0] AndroidManifest.xml:22:5-26:19
MERGED from [com.google.android.gms:play-services-basement:16.1.0] AndroidManifest.xml:22:5-26:19
MERGED from [com.github.bumptech.glide:gifdecoder:4.9.0] AndroidManifest.xml:9:5-20
MERGED from [com.github.bumptech.glide:gifdecoder:4.9.0] AndroidManifest.xml:9:5-20
MERGED from [com.android.support:support-compat:28.0.0] AndroidManifest.xml:22:5-94
MERGED from [com.android.support:support-compat:28.0.0] AndroidManifest.xml:22:5-94
MERGED from [com.android.support:versionedparcelable:28.0.0] AndroidManifest.xml:22:5-23:19
MERGED from [com.android.support:versionedparcelable:28.0.0] AndroidManifest.xml:22:5-23:19
	android:appComponentFactory
		ADDED from [com.android.support:support-compat:28.0.0] AndroidManifest.xml:22:18-91
	android:supportsRtl
		ADDED from src/main/AndroidManifest.xml:23:9-35
	android:label
		ADDED from src/main/AndroidManifest.xml:21:9-41
	android:hardwareAccelerated
		ADDED from src/main/AndroidManifest.xml:26:9-44
	android:roundIcon
		ADDED from src/main/AndroidManifest.xml:22:9-54
	android:largeHeap
		ADDED from src/main/AndroidManifest.xml:25:9-33
	android:icon
		ADDED from src/main/AndroidManifest.xml:20:9-43
	android:allowBackup
		ADDED from src/main/AndroidManifest.xml:19:9-35
	android:theme
		ADDED from src/main/AndroidManifest.xml:24:9-40
activity#com.luxuryshauk.Home.HomeActivity
ADDED from src/main/AndroidManifest.xml:38:9-44:20
	android:screenOrientation
		ADDED from src/main/AndroidManifest.xml:40:13-49
	android:launchMode
		ADDED from src/main/AndroidManifest.xml:41:13-48
	android:exported
		ADDED from src/main/AndroidManifest.xml:42:13-36
	android:name
		ADDED from src/main/AndroidManifest.xml:39:13-61
activity#com.yalantis.ucrop.UCropActivity
ADDED from src/main/AndroidManifest.xml:45:9-49:71
	android:screenOrientation
		ADDED from src/main/AndroidManifest.xml:47:13-49
	android:launchMode
		ADDED from src/main/AndroidManifest.xml:48:13-48
	android:theme
		ADDED from src/main/AndroidManifest.xml:49:13-69
	android:name
		ADDED from src/main/AndroidManifest.xml:46:13-60
activity#com.luxuryshauk.Likes.LikesActivity
ADDED from src/main/AndroidManifest.xml:50:9-52:51
	android:screenOrientation
		ADDED from src/main/AndroidManifest.xml:52:13-49
	android:launchMode
		ADDED from src/main/AndroidManifest.xml:51:13-48
	android:name
		ADDED from src/main/AndroidManifest.xml:50:19-69
activity#com.luxuryshauk.Login.ResetActivity
ADDED from src/main/AndroidManifest.xml:53:9-55:51
	android:screenOrientation
		ADDED from src/main/AndroidManifest.xml:55:13-49
	android:launchMode
		ADDED from src/main/AndroidManifest.xml:54:13-48
	android:name
		ADDED from src/main/AndroidManifest.xml:53:19-69
activity#com.luxuryshauk.Utils.FullScreenImage
ADDED from src/main/AndroidManifest.xml:57:9-59:51
	android:screenOrientation
		ADDED from src/main/AndroidManifest.xml:59:13-49
	android:launchMode
		ADDED from src/main/AndroidManifest.xml:58:13-48
	android:name
		ADDED from src/main/AndroidManifest.xml:57:19-71
activity#com.luxuryshauk.Profile.CashoutActivity
ADDED from src/main/AndroidManifest.xml:60:9-62:51
	android:screenOrientation
		ADDED from src/main/AndroidManifest.xml:62:13-49
	android:launchMode
		ADDED from src/main/AndroidManifest.xml:61:13-48
	android:name
		ADDED from src/main/AndroidManifest.xml:60:19-73
activity#com.luxuryshauk.Profile.ProfileActivity
ADDED from src/main/AndroidManifest.xml:63:9-65:51
	android:screenOrientation
		ADDED from src/main/AndroidManifest.xml:65:13-49
	android:name
		ADDED from src/main/AndroidManifest.xml:63:19-73
activity#com.luxuryshauk.Search.SearchItemUser
ADDED from src/main/AndroidManifest.xml:66:9-68:51
	android:screenOrientation
		ADDED from src/main/AndroidManifest.xml:68:13-49
	android:launchMode
		ADDED from src/main/AndroidManifest.xml:67:13-48
	android:name
		ADDED from src/main/AndroidManifest.xml:66:19-71
activity#com.luxuryshauk.Share.ShareActivity
ADDED from src/main/AndroidManifest.xml:70:9-72:51
	android:screenOrientation
		ADDED from src/main/AndroidManifest.xml:72:13-49
	android:launchMode
		ADDED from src/main/AndroidManifest.xml:71:13-48
	android:name
		ADDED from src/main/AndroidManifest.xml:70:19-69
activity#com.luxuryshauk.Utils.MyWalletActivity
ADDED from src/main/AndroidManifest.xml:73:9-75:51
	android:screenOrientation
		ADDED from src/main/AndroidManifest.xml:75:13-49
	android:launchMode
		ADDED from src/main/AndroidManifest.xml:74:13-48
	android:name
		ADDED from src/main/AndroidManifest.xml:73:19-72
activity#com.luxuryshauk.Profile.SetProfilePic
ADDED from src/main/AndroidManifest.xml:76:9-78:51
	android:screenOrientation
		ADDED from src/main/AndroidManifest.xml:78:13-49
	android:launchMode
		ADDED from src/main/AndroidManifest.xml:77:13-48
	android:name
		ADDED from src/main/AndroidManifest.xml:76:19-71
activity#com.luxuryshauk.Home.MessageActivity
ADDED from src/main/AndroidManifest.xml:80:9-82:51
	android:screenOrientation
		ADDED from src/main/AndroidManifest.xml:82:13-49
	android:launchMode
		ADDED from src/main/AndroidManifest.xml:81:13-48
	android:name
		ADDED from src/main/AndroidManifest.xml:80:19-70
activity#com.luxuryshauk.Share.NextActivity
ADDED from src/main/AndroidManifest.xml:83:9-85:51
	android:screenOrientation
		ADDED from src/main/AndroidManifest.xml:85:13-49
	android:launchMode
		ADDED from src/main/AndroidManifest.xml:84:13-48
	android:name
		ADDED from src/main/AndroidManifest.xml:83:19-68
activity#com.luxuryshauk.Utils.buy
ADDED from src/main/AndroidManifest.xml:86:9-88:51
	android:screenOrientation
		ADDED from src/main/AndroidManifest.xml:88:13-49
	android:launchMode
		ADDED from src/main/AndroidManifest.xml:87:13-48
	android:name
		ADDED from src/main/AndroidManifest.xml:86:19-59
activity#com.luxuryshauk.Utils.sell
ADDED from src/main/AndroidManifest.xml:89:9-91:51
	android:screenOrientation
		ADDED from src/main/AndroidManifest.xml:91:13-49
	android:launchMode
		ADDED from src/main/AndroidManifest.xml:90:13-48
	android:name
		ADDED from src/main/AndroidManifest.xml:89:19-60
activity#com.luxuryshauk.Utils.PlaceOrder
ADDED from src/main/AndroidManifest.xml:92:9-95:20
	android:screenOrientation
		ADDED from src/main/AndroidManifest.xml:94:13-49
	android:launchMode
		ADDED from src/main/AndroidManifest.xml:93:13-48
	android:name
		ADDED from src/main/AndroidManifest.xml:92:19-66
activity#com.luxuryshauk.Login.LoginActivity
ADDED from src/main/AndroidManifest.xml:96:9-103:20
	android:screenOrientation
		ADDED from src/main/AndroidManifest.xml:98:13-49
	android:launchMode
		ADDED from src/main/AndroidManifest.xml:97:13-48
	android:name
		ADDED from src/main/AndroidManifest.xml:96:19-69
intent-filter#action:name:android.intent.action.MAIN+category:name:android.intent.category.LAUNCHER
ADDED from src/main/AndroidManifest.xml:99:13-102:29
action#android.intent.action.MAIN
ADDED from src/main/AndroidManifest.xml:100:17-68
	android:name
		ADDED from src/main/AndroidManifest.xml:100:25-66
category#android.intent.category.LAUNCHER
ADDED from src/main/AndroidManifest.xml:101:17-76
	android:name
		ADDED from src/main/AndroidManifest.xml:101:27-74
activity#com.luxuryshauk.Profile.AccountSettingsActivity
ADDED from src/main/AndroidManifest.xml:104:9-107:48
	android:screenOrientation
		ADDED from src/main/AndroidManifest.xml:106:13-49
	android:excludeFromRecents
		ADDED from src/main/AndroidManifest.xml:107:13-46
	android:launchMode
		ADDED from src/main/AndroidManifest.xml:105:13-48
	android:name
		ADDED from src/main/AndroidManifest.xml:104:19-81
activity#com.luxuryshauk.Login.RegisterActivity
ADDED from src/main/AndroidManifest.xml:108:9-110:51
	android:screenOrientation
		ADDED from src/main/AndroidManifest.xml:110:13-49
	android:launchMode
		ADDED from src/main/AndroidManifest.xml:109:13-48
	android:name
		ADDED from src/main/AndroidManifest.xml:108:19-72
activity#com.luxuryshauk.opengl.OpenGLES10Activity
ADDED from src/main/AndroidManifest.xml:111:9-113:57
	android:screenOrientation
		ADDED from src/main/AndroidManifest.xml:113:19-55
	android:launchMode
		ADDED from src/main/AndroidManifest.xml:112:13-48
	android:name
		ADDED from src/main/AndroidManifest.xml:111:19-75
activity#com.luxuryshauk.opengl.NewStoryActivity
ADDED from src/main/AndroidManifest.xml:114:9-116:57
	android:screenOrientation
		ADDED from src/main/AndroidManifest.xml:116:19-55
	android:launchMode
		ADDED from src/main/AndroidManifest.xml:115:13-48
	android:name
		ADDED from src/main/AndroidManifest.xml:114:19-73
activity#com.luxuryshauk.Home.AddActivity
ADDED from src/main/AndroidManifest.xml:117:9-119:51
	android:screenOrientation
		ADDED from src/main/AndroidManifest.xml:119:13-49
	android:launchMode
		ADDED from src/main/AndroidManifest.xml:118:13-48
	android:name
		ADDED from src/main/AndroidManifest.xml:117:19-66
activity#com.luxuryshauk.Search.SearchActivity
ADDED from src/main/AndroidManifest.xml:120:9-125:20
	android:screenOrientation
		ADDED from src/main/AndroidManifest.xml:124:13-49
	android:launchMode
		ADDED from src/main/AndroidManifest.xml:122:13-48
	android:windowSoftInputMode
		ADDED from src/main/AndroidManifest.xml:123:13-56
	android:name
		ADDED from src/main/AndroidManifest.xml:121:13-65
activity#com.luxuryshauk.materialcamera.CaptureActivity
ADDED from src/main/AndroidManifest.xml:126:9-119
	android:screenOrientation
		ADDED from src/main/AndroidManifest.xml:126:81-117
	android:name
		ADDED from src/main/AndroidManifest.xml:126:19-80
activity#com.luxuryshauk.materialcamera.CaptureActivity2
ADDED from src/main/AndroidManifest.xml:127:9-120
	android:screenOrientation
		ADDED from src/main/AndroidManifest.xml:127:82-118
	android:name
		ADDED from src/main/AndroidManifest.xml:127:19-81
uses-sdk
INJECTED from src/main/AndroidManifest.xml reason: use-sdk injection requested
INJECTED from src/main/AndroidManifest.xml
INJECTED from src/main/AndroidManifest.xml
MERGED from [com.dinuscxj:circleprogressbar:1.3.0] AndroidManifest.xml:7:5-9:41
MERGED from [com.dinuscxj:circleprogressbar:1.3.0] AndroidManifest.xml:7:5-9:41
MERGED from [q.rorbin:badgeview:1.1.0] AndroidManifest.xml:7:5-9:41
MERGED from [q.rorbin:badgeview:1.1.0] AndroidManifest.xml:7:5-9:41
MERGED from [com.allenliu.badgeview:library:1.1.1] AndroidManifest.xml:7:5-9:41
MERGED from [com.allenliu.badgeview:library:1.1.1] AndroidManifest.xml:7:5-9:41
MERGED from [com.github.yalantis:ucrop:2.2.2] AndroidManifest.xml:7:5-9:41
MERGED from [com.github.yalantis:ucrop:2.2.2] AndroidManifest.xml:7:5-9:41
MERGED from [com.github.florent37:camerafragment:1.0.9] AndroidManifest.xml:7:5-9:41
MERGED from [com.github.florent37:camerafragment:1.0.9] AndroidManifest.xml:7:5-9:41
MERGED from [com.github.bumptech.glide:glide:4.9.0] AndroidManifest.xml:6:5-8:41
MERGED from [com.github.bumptech.glide:glide:4.9.0] AndroidManifest.xml:6:5-8:41
MERGED from [com.squareup.picasso:picasso:2.71828] AndroidManifest.xml:5:5-44
MERGED from [com.squareup.picasso:picasso:2.71828] AndroidManifest.xml:5:5-44
MERGED from [com.google.firebase:firebase-messaging:17.3.4] AndroidManifest.xml:20:5-44
MERGED from [com.google.firebase:firebase-messaging:17.3.4] AndroidManifest.xml:20:5-44
MERGED from [com.firebaseui:firebase-ui-database:4.3.1] AndroidManifest.xml:7:5-9:41
MERGED from [com.firebaseui:firebase-ui-database:4.3.1] AndroidManifest.xml:7:5-9:41
MERGED from [com.android.support.constraint:constraint-layout:1.0.2] AndroidManifest.xml:5:5-7:41
MERGED from [com.android.support.constraint:constraint-layout:1.0.2] AndroidManifest.xml:5:5-7:41
MERGED from [com.android.support:exifinterface:28.0.0] AndroidManifest.xml:20:5-44
MERGED from [com.android.support:exifinterface:28.0.0] AndroidManifest.xml:20:5-44
MERGED from [com.github.ittianyu:BottomNavigationViewEx:1.1.9] AndroidManifest.xml:7:5-9:41
MERGED from [com.github.ittianyu:BottomNavigationViewEx:1.1.9] AndroidManifest.xml:7:5-9:41
MERGED from [com.android.support:design:28.0.0] AndroidManifest.xml:20:5-44
MERGED from [com.android.support:design:28.0.0] AndroidManifest.xml:20:5-44